  OpenGL_Billiards.cpp
D:\dev\univ\ComputerGrapics\OpenGL_Billiards\OpenGL_Billiards\OpenGL_Billiards.cpp(20,21): warning C4305: '초기화 중': 'double'에서 'GLfloat'(으)로 잘립니다.
D:\dev\univ\ComputerGrapics\OpenGL_Billiards\OpenGL_Billiards\OpenGL_Billiards.cpp(53,60): warning C4305: '+=': 'double'에서 'float'(으)로 잘립니다.
D:\dev\univ\ComputerGrapics\OpenGL_Billiards\OpenGL_Billiards\OpenGL_Billiards.cpp(54,11): warning C4244: '=': 'double'에서 'float'(으)로 변환하면서 데이터가 손실될 수 있습니다.
D:\dev\univ\ComputerGrapics\OpenGL_Billiards\OpenGL_Billiards\OpenGL_Billiards.cpp(55,11): warning C4244: '=': 'double'에서 'float'(으)로 변환하면서 데이터가 손실될 수 있습니다.
D:\dev\univ\ComputerGrapics\OpenGL_Billiards\OpenGL_Billiards\OpenGL_Billiards.cpp(73,60): warning C4305: '+=': 'double'에서 'float'(으)로 잘립니다.
D:\dev\univ\ComputerGrapics\OpenGL_Billiards\OpenGL_Billiards\OpenGL_Billiards.cpp(74,11): warning C4244: '=': 'double'에서 'float'(으)로 변환하면서 데이터가 손실될 수 있습니다.
D:\dev\univ\ComputerGrapics\OpenGL_Billiards\OpenGL_Billiards\OpenGL_Billiards.cpp(75,11): warning C4244: '=': 'double'에서 'float'(으)로 변환하면서 데이터가 손실될 수 있습니다.
D:\dev\univ\ComputerGrapics\OpenGL_Billiards\OpenGL_Billiards\OpenGL_Billiards.cpp(86,21): warning C4305: '-=': 'double'에서 'GLfloat'(으)로 잘립니다.
D:\dev\univ\ComputerGrapics\OpenGL_Billiards\OpenGL_Billiards\OpenGL_Billiards.cpp(108,22): warning C4305: '-=': 'double'에서 'GLfloat'(으)로 잘립니다.
D:\dev\univ\ComputerGrapics\OpenGL_Billiards\OpenGL_Billiards\OpenGL_Billiards.cpp(138,40): warning C4244: '=': 'double'에서 'GLfloat'(으)로 변환하면서 데이터가 손실될 수 있습니다.
D:\dev\univ\ComputerGrapics\OpenGL_Billiards\OpenGL_Billiards\OpenGL_Billiards.cpp(139,41): warning C4244: '=': 'double'에서 'GLfloat'(으)로 변환하면서 데이터가 손실될 수 있습니다.
D:\dev\univ\ComputerGrapics\OpenGL_Billiards\OpenGL_Billiards\OpenGL_Billiards.cpp(140,42): warning C4244: '=': 'double'에서 'GLfloat'(으)로 변환하면서 데이터가 손실될 수 있습니다.
D:\dev\univ\ComputerGrapics\OpenGL_Billiards\OpenGL_Billiards\OpenGL_Billiards.cpp(141,42): warning C4244: '=': 'double'에서 'GLfloat'(으)로 변환하면서 데이터가 손실될 수 있습니다.
D:\dev\univ\ComputerGrapics\OpenGL_Billiards\OpenGL_Billiards\OpenGL_Billiards.cpp(154,16): warning C4305: '=': 'double'에서 'GLfloat'(으)로 잘립니다.
D:\dev\univ\ComputerGrapics\OpenGL_Billiards\OpenGL_Billiards\OpenGL_Billiards.cpp(155,17): warning C4305: '=': 'double'에서 'GLfloat'(으)로 잘립니다.
D:\dev\univ\ComputerGrapics\OpenGL_Billiards\OpenGL_Billiards\OpenGL_Billiards.cpp(159,12): warning C4244: '=': 'double'에서 'GLfloat'(으)로 변환하면서 데이터가 손실될 수 있습니다.
D:\dev\univ\ComputerGrapics\OpenGL_Billiards\OpenGL_Billiards\OpenGL_Billiards.cpp(160,12): warning C4244: '=': 'double'에서 'GLfloat'(으)로 변환하면서 데이터가 손실될 수 있습니다.
D:\dev\univ\ComputerGrapics\OpenGL_Billiards\OpenGL_Billiards\OpenGL_Billiards.cpp(161,13): warning C4244: '=': 'double'에서 'GLfloat'(으)로 변환하면서 데이터가 손실될 수 있습니다.
D:\dev\univ\ComputerGrapics\OpenGL_Billiards\OpenGL_Billiards\OpenGL_Billiards.cpp(162,14): warning C4244: '=': 'double'에서 'GLfloat'(으)로 변환하면서 데이터가 손실될 수 있습니다.
  OpenGL_Billiards.vcxproj -> D:\dev\univ\ComputerGrapics\OpenGL_Billiards\Debug\OpenGL_Billiards.exe
